[    0.000000] Linux version 4.15.0-123-generic (buildd@lcy01-amd64-017) (gcc version 7.5.0 (Ubuntu 7.5.0-3ubuntu1~18.04)) #126-Ubuntu SMP Wed Oct 21 09:40:11 UTC 2020 (Ubuntu 4.15.0-123.126-generic 4.15.18)
[    0.000000] Command line: BOOT_IMAGE=/boot/vmlinuz-4.15.0-123-generic root=LABEL=cloudimg-rootfs ro console=tty1 console=ttyS0
[    0.000000] KERNEL supported cpus:
[    0.000000]   Intel GenuineIntel
[    0.000000]   AMD AuthenticAMD
[    0.000000]   Centaur CentaurHauls
[    0.000000] x86/fpu: x87 FPU will use FXSAVE
[    0.000000] e820: BIOS-provided physical RAM map:
[    0.000000] BIOS-e820: [mem 0x0000000000000000-0x000000000009fbff] usable
[    0.000000] BIOS-e820: [mem 0x000000000009fc00-0x000000000009ffff] reserved
[    0.000000] BIOS-e820: [mem 0x00000000000f0000-0x00000000000fffff] reserved
[    0.000000] BIOS-e820: [mem 0x0000000000100000-0x000000003ffeffff] usable
[    0.000000] BIOS-e820: [mem 0x000000003fff0000-0x000000003fffffff] ACPI data
[    0.000000] BIOS-e820: [mem 0x00000000fec00000-0x00000000fec00fff] reserved
[    0.000000] BIOS-e820: [mem 0x00000000fee00000-0x00000000fee00fff] reserved
[    0.000000] BIOS-e820: [mem 0x00000000fffc0000-0x00000000ffffffff] reserved
[    0.000000] NX (Execute Disable) protection: active
[    0.000000] SMBIOS 2.5 present.
[    0.000000] DMI: innotek GmbH VirtualBox/VirtualBox, BIOS VirtualBox 12/01/2006
[    0.000000] Hypervisor detected: KVM
[    0.000000] e820: last_pfn = 0x3fff0 max_arch_pfn = 0x400000000
[    0.000000] MTRR: Disabled
[    0.000000] x86/PAT: MTRRs disabled, skipping PAT initialization too.
[    0.000000] CPU MTRRs all blank - virtualized system.
[    0.000000] x86/PAT: Configuration [0-7]: WB  WT  UC- UC  WB  WT  UC- UC  
[    0.000000] found SMP MP-table at [mem 0x0009fff0-0x0009ffff]
[    0.000000] Scanning 1 areas for low memory corruption
[    0.000000] RAMDISK: [mem 0x35a65000-0x36d29fff]
[    0.000000] ACPI: Early table checksum verification disabled
[    0.000000] ACPI: RSDP 0x00000000000E0000 000024 (v02 VBOX  )
[    0.000000] ACPI: XSDT 0x000000003FFF0030 00003C (v01 VBOX   VBOXXSDT 00000001 ASL  00000061)
[    0.000000] ACPI: FACP 0x000000003FFF00F0 0000F4 (v04 VBOX   VBOXFACP 00000001 ASL  00000061)
[    0.000000] ACPI: DSDT 0x000000003FFF0470 002325 (v02 VBOX   VBOXBIOS 00000002 INTL 20100528)
[    0.000000] ACPI: FACS 0x000000003FFF0200 000040
[    0.000000] ACPI: FACS 0x000000003FFF0200 000040
[    0.000000] ACPI: APIC 0x000000003FFF0240 00005C (v02 VBOX   VBOXAPIC 00000001 ASL  00000061)
[    0.000000] ACPI: SSDT 0x000000003FFF02A0 0001CC (v01 VBOX   VBOXCPUT 00000002 INTL 20100528)
[    0.000000] No NUMA configuration found
[    0.000000] Faking a node at [mem 0x0000000000000000-0x000000003ffeffff]
[    0.000000] NODE_DATA(0) allocated [mem 0x3ffc5000-0x3ffeffff]
[    0.000000] kvm-clock: cpu 0, msr 0:3ff44001, primary cpu clock
[    0.000000] kvm-clock: Using msrs 4b564d01 and 4b564d00
[    0.000000] kvm-clock: using sched offset of 4908085181 cycles
[    0.000000] clocksource: kvm-clock: mask: 0xffffffffffffffff max_cycles: 0x1cd42e4dffb, max_idle_ns: 881590591483 ns
[    0.000000] Zone ranges:
[    0.000000]   DMA      [mem 0x0000000000001000-0x0000000000ffffff]
[    0.000000]   DMA32    [mem 0x0000000001000000-0x000000003ffeffff]
[    0.000000]   Normal   empty
[    0.000000]   Device   empty
[    0.000000] Movable zone start for each node
[    0.000000] Early memory node ranges
[    0.000000]   node   0: [mem 0x0000000000001000-0x000000000009efff]
[    0.000000]   node   0: [mem 0x0000000000100000-0x000000003ffeffff]
[    0.000000] Reserved but unavailable: 98 pages
[    0.000000] Initmem setup node 0 [mem 0x0000000000001000-0x000000003ffeffff]
[    0.000000] ACPI: PM-Timer IO Port: 0x4008
[    0.000000] IOAPIC[0]: apic_id 2, version 32, address 0xfec00000, GSI 0-23
[    0.000000] ACPI: INT_SRC_OVR (bus 0 bus_irq 0 global_irq 2 dfl dfl)
[    0.000000] ACPI: INT_SRC_OVR (bus 0 bus_irq 9 global_irq 9 low level)
[    0.000000] Using ACPI (MADT) for SMP configuration information
[    0.000000] smpboot: Allowing 2 CPUs, 0 hotplug CPUs
[    0.000000] PM: Registered nosave memory: [mem 0x00000000-0x00000fff]
[    0.000000] PM: Registered nosave memory: [mem 0x0009f000-0x0009ffff]
[    0.000000] PM: Registered nosave memory: [mem 0x000a0000-0x000effff]
[    0.000000] PM: Registered nosave memory: [mem 0x000f0000-0x000fffff]
[    0.000000] e820: [mem 0x40000000-0xfebfffff] available for PCI devices
[    0.000000] Booting paravirtualized kernel on KVM
[    0.000000] clocksource: refined-jiffies: mask: 0xffffffff max_cycles: 0xffffffff, max_idle_ns: 7645519600211568 ns
[    0.000000] random: get_random_bytes called from start_kernel+0x99/0x500 with crng_init=0
[    0.000000] setup_percpu: NR_CPUS:8192 nr_cpumask_bits:2 nr_cpu_ids:2 nr_node_ids:1
[    0.000000] percpu: Embedded 45 pages/cpu s147456 r8192 d28672 u1048576
[    0.000000] PV qspinlock hash table entries: 256 (order: 0, 4096 bytes)
[    0.000000] Built 1 zonelists, mobility grouping on.  Total pages: 257913
[    0.000000] Policy zone: DMA32
[    0.000000] Kernel command line: BOOT_IMAGE=/boot/vmlinuz-4.15.0-123-generic root=LABEL=cloudimg-rootfs ro console=tty1 console=ttyS0
[    0.000000] Memory: 983028K/1048120K available (12300K kernel code, 2482K rwdata, 4272K rodata, 2436K init, 2724K bss, 65092K reserved, 0K cma-reserved)
[    0.000000] SLUB: HWalign=64, Order=0-3, MinObjects=0, CPUs=2, Nodes=1
[    0.000000] Kernel/User page tables isolation: enabled
[    0.000000] ftrace: allocating 39402 entries in 154 pages
[    0.004000] Hierarchical RCU implementation.
[    0.004000] 	RCU restricting CPUs from NR_CPUS=8192 to nr_cpu_ids=2.
[    0.004000] 	Tasks RCU enabled.
[    0.004000] RCU: Adjusting geometry for rcu_fanout_leaf=16, nr_cpu_ids=2
[    0.004000] NR_IRQS: 524544, nr_irqs: 440, preallocated irqs: 16
[    0.004000] Console: colour VGA+ 80x25
[    0.004000] console [tty1] enabled
[    0.004000] console [ttyS0] enabled
[    0.004000] ACPI: Core revision 20170831
[    0.004000] ACPI: 2 ACPI AML tables successfully acquired and loaded
[    0.004000] APIC: Switch to symmetric I/O mode setup
[    0.004000] ..TIMER: vector=0x30 apic1=0 pin1=2 apic2=-1 pin2=-1
[    0.004004] tsc: Detected 2808.010 MHz processor
[    0.008008] Calibrating delay loop (skipped) preset value.. 5616.02 BogoMIPS (lpj=11232040)
[    0.012003] pid_max: default: 32768 minimum: 301
[    0.016060] Security Framework initialized
[    0.020003] Yama: becoming mindful.
[    0.024081] AppArmor: AppArmor initialized
[    0.033547] Dentry cache hash table entries: 131072 (order: 8, 1048576 bytes)
[    0.041173] Inode-cache hash table entries: 65536 (order: 7, 524288 bytes)
[    0.044071] Mount-cache hash table entries: 2048 (order: 2, 16384 bytes)
[    0.048111] Mountpoint-cache hash table entries: 2048 (order: 2, 16384 bytes)
[    0.053087] Last level iTLB entries: 4KB 128, 2MB 8, 4MB 8
[    0.056002] Last level dTLB entries: 4KB 64, 2MB 0, 4MB 0, 1GB 4
[    0.060003] Spectre V1 : Mitigation: usercopy/swapgs barriers and __user pointer sanitization
[    0.064002] Spectre V2 : Mitigation: Full generic retpoline
[    0.068002] Spectre V2 : Spectre v2 / SpectreRSB mitigation: Filling RSB on context switch
[    0.072002] Speculative Store Bypass: Vulnerable
[    0.076036] MDS: Mitigation: Clear CPU buffers
[    0.080130] Freeing SMP alternatives memory: 36K
[    0.196432] smpboot: CPU0: Intel(R) Core(TM) i5-8400 CPU @ 2.80GHz (family: 0x6, model: 0x9e, stepping: 0xa)
[    0.200454] Performance Events: unsupported p6 CPU model 158 no PMU driver, software events only.
[    0.204112] Hierarchical SRCU implementation.
[    0.208821] NMI watchdog: Perf event create on CPU 0 failed with -2
[    0.212003] NMI watchdog: Perf NMI watchdog permanently disabled
[    0.216313] smp: Bringing up secondary CPUs ...
[    0.220944] x86: Booting SMP configuration:
[    0.224004] .... node  #0, CPUs:      #1
[    0.004000] kvm-clock: cpu 1, msr 0:3ff44041, secondary cpu clock
[    0.234604] TSC synchronization [CPU#0 -> CPU#1]:
[    0.236000] Measured 61388 cycles TSC warp between CPUs, turning off TSC clock.
[    0.236000] tsc: Marking TSC unstable due to check_tsc_sync_source failed
[    0.240188] smp: Brought up 1 node, 2 CPUs
[    0.244007] smpboot: Max logical packages: 1
[    0.248005] smpboot: Total of 2 processors activated (11232.04 BogoMIPS)
[    0.260007] devtmpfs: initialized
[    0.263318] x86/mm: Memory block size: 128MB
[    0.264392] evm: security.selinux
[    0.267487] evm: security.SMACK64
[    0.268004] evm: security.SMACK64EXEC
[    0.272002] evm: security.SMACK64TRANSMUTE
[    0.276002] evm: security.SMACK64MMAP
[    0.280002] evm: security.apparmor
[    0.282336] evm: security.ima
[    0.284002] evm: security.capability
[    0.288519] clocksource: jiffies: mask: 0xffffffff max_cycles: 0xffffffff, max_idle_ns: 7645041785100000 ns
[    0.292008] futex hash table entries: 512 (order: 3, 32768 bytes)
[    0.296430] pinctrl core: initialized pinctrl subsystem
[    0.304126] RTC time: 16:18:38, date: 11/15/20
[    0.308764] NET: Registered protocol family 16
[    0.312112] audit: initializing netlink subsys (disabled)
[    0.316206] audit: type=2000 audit(1605457124.382:1): state=initialized audit_enabled=0 res=1
[    0.328008] cpuidle: using governor ladder
[    0.331332] cpuidle: using governor menu
[    0.332043] ACPI: bus type PCI registered
[    0.336003] acpiphp: ACPI Hot Plug PCI Controller Driver version: 0.5
[    0.340449] PCI: Using configuration type 1 for base access
[    0.352326] HugeTLB registered 2.00 MiB page size, pre-allocated 0 pages
[    0.360713] ACPI: Added _OSI(Module Device)
[    0.364008] ACPI: Added _OSI(Processor Device)
[    0.368002] ACPI: Added _OSI(3.0 _SCP Extensions)
[    0.372003] ACPI: Added _OSI(Processor Aggregator Device)
[    0.376018] ACPI: Added _OSI(Linux-Dell-Video)
[    0.380003] ACPI: Added _OSI(Linux-Lenovo-NV-HDMI-Audio)
[    0.384003] ACPI: Added _OSI(Linux-HPI-Hybrid-Graphics)
[    0.388680] ACPI: Executed 1 blocks of module-level executable AML code
[    0.396341] ACPI: Interpreter enabled
[    0.399636] ACPI: (supports S0 S5)
[    0.400003] ACPI: Using IOAPIC for interrupt routing
[    0.404319] PCI: Using host bridge windows from ACPI; if necessary, use "pci=nocrs" and report a bug
[    0.408179] ACPI: Enabled 2 GPEs in block 00 to 07
[    0.420094] ACPI: PCI Root Bridge [PCI0] (domain 0000 [bus 00-ff])
[    0.424009] acpi PNP0A03:00: _OSC: OS supports [ASPM ClockPM Segments MSI]
[    0.428633] acpi PNP0A03:00: _OSC: not requesting OS control; OS requires [ExtendedConfig ASPM ClockPM MSI]
[    0.432012] acpi PNP0A03:00: fail to add MMCONFIG information, can't access extended PCI configuration space under this bridge.
[    0.436553] PCI host bridge to bus 0000:00
[    0.440005] pci_bus 0000:00: root bus resource [io  0x0000-0x0cf7 window]
[    0.444004] pci_bus 0000:00: root bus resource [io  0x0d00-0xffff window]
[    0.452009] pci_bus 0000:00: root bus resource [mem 0x000a0000-0x000bffff window]
[    0.456003] pci_bus 0000:00: root bus resource [mem 0x40000000-0xfdffffff window]
[    0.460004] pci_bus 0000:00: root bus resource [bus 00-ff]
[    0.468404] pci 0000:00:01.1: legacy IDE quirk: reg 0x10: [io  0x01f0-0x01f7]
[    0.472004] pci 0000:00:01.1: legacy IDE quirk: reg 0x14: [io  0x03f6]
[    0.476003] pci 0000:00:01.1: legacy IDE quirk: reg 0x18: [io  0x0170-0x0177]
[    0.480003] pci 0000:00:01.1: legacy IDE quirk: reg 0x1c: [io  0x0376]
[    0.540775] pci 0000:00:07.0: quirk: [io  0x4000-0x403f] claimed by PIIX4 ACPI
[    0.552022] pci 0000:00:07.0: quirk: [io  0x4100-0x410f] claimed by PIIX4 SMB
[    0.569153] ACPI: PCI Interrupt Link [LNKA] (IRQs 5 9 10 *11)
[    0.580452] ACPI: PCI Interrupt Link [LNKB] (IRQs 5 9 *10 11)
[    0.592148] ACPI: PCI Interrupt Link [LNKC] (IRQs 5 *9 10 11)
[    0.600150] ACPI: PCI Interrupt Link [LNKD] (IRQs 5 9 10 *11)
[    0.608861] SCSI subsystem initialized
[    0.616188] pci 0000:00:02.0: vgaarb: setting as boot VGA device
[    0.620000] pci 0000:00:02.0: vgaarb: VGA device added: decodes=io+mem,owns=io+mem,locks=none
[    0.640004] pci 0000:00:02.0: vgaarb: bridge control possible
[    0.648002] vgaarb: loaded
[    0.652053] ACPI: bus type USB registered
[    0.660035] usbcore: registered new interface driver usbfs
[    0.664010] usbcore: registered new interface driver hub
[    0.672116] usbcore: registered new device driver usb
[    0.680226] EDAC MC: Ver: 3.0.0
[    0.688487] PCI: Using ACPI for IRQ routing
[    0.696551] NetLabel: Initializing
[    0.704003] NetLabel:  domain hash size = 128
[    0.708002] NetLabel:  protocols = UNLABELED CIPSOv4 CALIPSO
[    0.716021] NetLabel:  unlabeled traffic allowed by default
[    0.728005] clocksource: Switched to clocksource kvm-clock
[    0.781826] VFS: Disk quotas dquot_6.6.0
[    0.785349] VFS: Dquot-cache hash table entries: 512 (order 0, 4096 bytes)
[    0.790627] AppArmor: AppArmor Filesystem Enabled
[    0.794878] pnp: PnP ACPI init
[    0.798697] pnp: PnP ACPI: found 3 devices
[    0.809700] clocksource: acpi_pm: mask: 0xffffff max_cycles: 0xffffff, max_idle_ns: 2085701024 ns
[    0.816830] NET: Registered protocol family 2
[    0.823025] TCP established hash table entries: 8192 (order: 4, 65536 bytes)
[    0.829370] TCP bind hash table entries: 8192 (order: 5, 131072 bytes)
[    0.834723] TCP: Hash tables configured (established 8192 bind 8192)
[    0.840690] UDP hash table entries: 512 (order: 2, 16384 bytes)
[    0.845520] UDP-Lite hash table entries: 512 (order: 2, 16384 bytes)
[    0.850261] NET: Registered protocol family 1
[    0.853812] pci 0000:00:00.0: Limiting direct PCI/PCI transfers
[    0.858115] pci 0000:00:01.0: Activating ISA DMA hang workarounds
[    0.862609] pci 0000:00:02.0: Video device with shadowed ROM at [mem 0x000c0000-0x000dffff]
[    0.869472] Unpacking initramfs...
[    1.374135] Freeing initrd memory: 19220K
[    1.378061] clocksource: tsc: mask: 0xffffffffffffffff max_cycles: 0x2879cf89dd2, max_idle_ns: 440795323107 ns
[    1.385637] platform rtc_cmos: registered platform RTC device (no PNP device found)
[    1.391592] Scanning for low memory corruption every 60 seconds
[    1.398953] Initialise system trusted keyrings
[    1.403314] Key type blacklist registered
[    1.407506] workingset: timestamp_bits=36 max_order=18 bucket_order=0
[    1.415740] zbud: loaded
[    1.420008] squashfs: version 4.0 (2009/01/31) Phillip Lougher
[    1.426420] fuse init (API version 7.26)
[    1.447199] Key type asymmetric registered
[    1.451299] Asymmetric key parser 'x509' registered
[    1.455674] Block layer SCSI generic (bsg) driver version 0.4 loaded (major 246)
[    1.462796] io scheduler noop registered
[    1.466610] io scheduler deadline registered
[    1.470199] io scheduler cfq registered (default)
[    1.474582] ACPI: AC Adapter [AC] (on-line)
[    1.478388] input: Power Button as /devices/LNXSYSTM:00/LNXPWRBN:00/input/input0
[    1.484498] ACPI: Power Button [PWRF]
[    1.487573] input: Sleep Button as /devices/LNXSYSTM:00/LNXSLPBN:00/input/input1
[    1.494026] ACPI: Sleep Button [SLPF]
[    1.498243] Serial: 8250/16550 driver, 32 ports, IRQ sharing enabled
[    1.532783] 00:02: ttyS0 at I/O 0x3f8 (irq = 4, base_baud = 115200) is a 16550A
[    1.541690] Linux agpgart interface v0.103
[    1.550703] loop: module loaded
[    1.555542] scsi host0: ata_piix
[    1.559867] scsi host1: ata_piix
[    1.563406] ata1: PATA max UDMA/33 cmd 0x1f0 ctl 0x3f6 bmdma 0xd000 irq 14
[    1.569403] ata2: PATA max UDMA/33 cmd 0x170 ctl 0x376 bmdma 0xd008 irq 15
[    1.574697] libphy: Fixed MDIO Bus: probed
[    1.578889] tun: Universal TUN/TAP device driver, 1.6
[    1.582989] PPP generic driver version 2.4.2
[    1.586869] ehci_hcd: USB 2.0 'Enhanced' Host Controller (EHCI) Driver
[    1.591875] ehci-pci: EHCI PCI platform driver
[    1.596118] ehci-platform: EHCI generic platform driver
[    1.599531] ohci_hcd: USB 1.1 'Open' Host Controller (OHCI) Driver
[    1.604806] ohci-pci: OHCI PCI platform driver
[    1.608242] ohci-platform: OHCI generic platform driver
[    1.611718] uhci_hcd: USB Universal Host Controller Interface driver
[    1.617375] i8042: PNP: PS/2 Controller [PNP0303:PS2K,PNP0f03:PS2M] at 0x60,0x64 irq 1,12
[    1.625861] serio: i8042 KBD port at 0x60,0x64 irq 1
[    1.631170] serio: i8042 AUX port at 0x60,0x64 irq 12
[    1.635403] mousedev: PS/2 mouse device common for all mice
[    1.641676] input: AT Translated Set 2 keyboard as /devices/platform/i8042/serio0/input/input2
[    1.650235] rtc_cmos rtc_cmos: rtc core: registered rtc_cmos as rtc0
[    1.655689] rtc_cmos rtc_cmos: alarms up to one day, 114 bytes nvram
[    1.660900] i2c /dev entries driver
[    1.663531] device-mapper: uevent: version 1.0.3
[    1.667471] device-mapper: ioctl: 4.37.0-ioctl (2017-09-20) initialised: dm-devel@redhat.com
[    1.675128] ledtrig-cpu: registered to indicate activity on CPUs
[    1.683428] NET: Registered protocol family 10
[    1.695861] Segment Routing with IPv6
[    1.699146] NET: Registered protocol family 17
[    1.703047] Key type dns_resolver registered
[    1.707281] mce: Using 0 MCE banks
[    1.710071] RAS: Correctable Errors collector initialized.
[    1.713864] sched_clock: Marking stable (1713819554, 0)->(2293573619, -579754065)
[    1.725338] registered taskstats version 1
[    1.728782] Loading compiled-in X.509 certificates
[    1.764296] Loaded X.509 cert 'Build time autogenerated kernel key: 423d6fc95fe30468112015aeb92af84ef3acf368'
[    1.791254] zswap: loaded using pool lzo/zbud
[    1.806142] Key type big_key registered
[    1.809472] Key type trusted registered
[    1.816231] Key type encrypted registered
[    1.819602] AppArmor: AppArmor sha1 policy hashing enabled
[    1.824278] ima: No TPM chip found, activating TPM-bypass! (rc=-19)
[    1.828380] ima: Allocated hash algorithm: sha1
[    1.832556] evm: HMAC attrs: 0x1
[    1.835146]   Magic number: 12:127:338
[    1.838032] tty tty59: hash matches
[    1.841320] rtc_cmos rtc_cmos: setting system clock to 2020-11-15 16:18:40 UTC (1605457120)
[    1.848305] BIOS EDD facility v0.16 2004-Jun-25, 0 devices found
[    1.852991] EDD information not available.
[    1.859099] Freeing unused kernel image memory: 2436K
[    1.886283] Write protecting the kernel read-only data: 20480k
[    1.893041] Freeing unused kernel image memory: 2008K
[    1.897754] Freeing unused kernel image memory: 1872K
[    1.906899] x86/mm: Checked W+X mappings: passed, no W+X pages found.
[    1.912398] x86/mm: Checking user space page tables
[    1.919952] x86/mm: Checked W+X mappings: passed, no W+X pages found.
Loading, please wait...
starting version 237
[    2.023742] e1000: Intel(R) PRO/1000 Network Driver - version 7.3.21-k8-NAPI
[    2.030590] e1000: Copyright (c) 1999-2006 Intel Corporation.
[    2.051596] Fusion MPT base driver 3.04.20
[    2.055830] Copyright (c) 1999-2008 LSI Corporation
[    2.075947] Fusion MPT SPI Host driver 3.04.20
[    2.269645] input: ImExPS/2 Generic Explorer Mouse as /devices/platform/i8042/serio1/input/input4
[    2.713448] e1000 0000:00:03.0 eth0: (PCI:33MHz:32-bit) 02:ad:b8:da:8b:56
[    2.718157] e1000 0000:00:03.0 eth0: Intel(R) PRO/1000 Network Connection
[    2.724686] e1000 0000:00:03.0 enp0s3: renamed from eth0
[    2.729947] mptbase: ioc0: Initiating bringup
[    2.838154] ioc0: LSI53C1030 A0: Capabilities={Initiator}
[    3.093757] scsi host2: ioc0: LSI53C1030 A0, FwRev=00000000h, Ports=1, MaxQ=256, IRQ=20
[    3.269500] scsi 2:0:0:0: Direct-Access     VBOX     HARDDISK         1.0  PQ: 0 ANSI: 5
[    3.304330] scsi target2:0:0: Beginning Domain Validation
[    3.316975] scsi target2:0:0: Domain Validation skipping write tests
[    3.322337] scsi target2:0:0: Ending Domain Validation
[    3.326864] scsi target2:0:0: asynchronous
[    3.333248] scsi 2:0:1:0: Direct-Access     VBOX     HARDDISK         1.0  PQ: 0 ANSI: 5
[    3.368831] scsi target2:0:1: Beginning Domain Validation
[    3.374058] random: fast init done
[    3.384695] scsi target2:0:1: Domain Validation skipping write tests
[    3.389699] scsi target2:0:1: Ending Domain Validation
[    3.393985] scsi target2:0:1: asynchronous
[    3.411230] sd 2:0:0:0: Attached scsi generic sg0 type 0
[    3.411620] random: systemd-udevd: uninitialized urandom read (16 bytes read)
[    3.422871] random: systemd-udevd: uninitialized urandom read (16 bytes read)
[    3.429796] random: systemd-udevd: uninitialized urandom read (16 bytes read)
[    3.429852] sd 2:0:1:0: Attached scsi generic sg1 type 0
[    3.436547] sd 2:0:0:0: [sda] 20971520 512-byte logical blocks: (10.7 GB/10.0 GiB)
[    3.448682] sd 2:0:0:0: [sda] Write Protect is off
[    3.448766] sd 2:0:1:0: [sdb] 20480 512-byte logical blocks: (10.5 MB/10.0 MiB)
[    3.460545] sd 2:0:1:0: [sdb] Write Protect is off
[    3.460753] sd 2:0:0:0: [sda] Incomplete mode parameter data
[    3.468929] sd 2:0:0:0: [sda] Assuming drive cache: write through
[    3.476113] sd 2:0:1:0: [sdb] Incomplete mode parameter data
[    3.481771] sd 2:0:1:0: [sdb] Assuming drive cache: write through
[    3.491763]  sda: sda1
[    3.498993] sd 2:0:0:0: [sda] Attached SCSI disk
[    3.504798] sd 2:0:1:0: [sdb] Attached SCSI disk
Begin: Loading essential drivers ... [    5.629097] raid6: sse2x1   gen() 13375 MB/s
[    5.680107] raid6: sse2x1   xor()  9553 MB/s
[    5.728563] raid6: sse2x2   gen() 16227 MB/s
[    5.780401] raid6: sse2x2   xor() 10565 MB/s
[    5.832075] raid6: sse2x4   gen() 18651 MB/s
[    5.884354] raid6: sse2x4   xor() 11721 MB/s
[    5.888432] raid6: using algorithm sse2x4 gen() 18651 MB/s
[    5.892126] raid6: .... xor() 11721 MB/s, rmw enabled
[    5.897173] raid6: using ssse3x2 recovery algorithm
[    5.902796] xor: measuring software checksum speed
[    9.553034]    prefetch64-sse: 939063.704 MB/sec
[   11.634505]    generic_sse: 792868.704 MB/sec
[   11.638473] xor: using function: prefetch64-sse (939063.704 MB/sec)
[   11.645287] async_tx: api initialized (async)
done.
Begin: Running /scripts/init-premount ... done.
Begin: Mounting root file system ... Begin: Running /scripts/local-top ... done.
Begin: Running /scripts/local-premount ... [   11.705144] Btrfs loaded, crc32c=crc32c-intel
Scanning for Btrfs filesystems
done.
Warning: fsck not present, so skipping root file system
[   11.757231] EXT4-fs (sda1): mounted filesystem with ordered data mode. Opts: (null)
done.
Begin: Running /scripts/local-bottom ... done.
Begin: Running /scripts/init-bottom ... done.
[   12.025477] ip_tables: (C) 2000-2006 Netfilter Core Team
[   12.057025] systemd[1]: systemd 237 running in system mode. (+PAM +AUDIT +SELINUX +IMA +APPARMOR +SMACK +SYSVINIT +UTMP +LIBCRYPTSETUP +GCRYPT +GNUTLS +ACL +XZ +LZ4 +SECCOMP +BLKID +ELFUTILS +KMOD -IDN2 +IDN -PCRE2 default-hierarchy=hybrid)
[   12.070949] systemd[1]: Detected virtualization oracle.
[   12.074853] systemd[1]: Detected architecture x86-64.

Welcome to [1mUbuntu 18.04.5 LTS[0m!

[   12.107306] systemd[1]: Set hostname to <ubuntu>.
[   12.120561] systemd[1]: Initializing machine ID from random generator.
[   12.125734] systemd[1]: Installed transient /etc/machine-id file.
[   12.514730] systemd[1]: Set up automount Arbitrary Executable File Formats File System Automount Point.
[[0;32m  OK  [0m] Set up automount Arbitrary Executab…rmats File System Automount Point.
[   12.523371] systemd[1]: Reached target System Time Synchronized.
[[0;32m  OK  [0m] Reached target System Time Synchronized.
[   12.540949] systemd[1]: Created slice System Slice.
[[0;32m  OK  [0m] Created slice System Slice.
[   12.556643] systemd[1]: Created slice system-serial\x2dgetty.slice.
[[0;32m  OK  [0m] Created slice system-serial\x2dgetty.slice.
[[0;32m  OK  [0m] Listening on Syslog Socket.
[[0;32m  OK  [0m] Listening on Journal Socket.
[[0;32m  OK  [0m] Listening on udev Control Socket.
         Mounting Kernel Debug File System...
[[0;32m  OK  [0m] Listening on Journal Audit Socket.
[[0;32m  OK  [0m] Listening on Journal Socket (/dev/log).
         Starting Journal Service...
         Mounting POSIX Message Queue File System...
[[0;32m  OK  [0m] Listening on Device-mapper event daemon FIFOs.
         Starting Load Kernel Modules...
[[0;32m  OK  [0m] Listening on /dev/initctl Compatibility Named Pipe.
         Starting Uncomplicated firewall...
[[0;32m  OK  [0m] Listening on udev Kernel Socket.
[[0;32m  OK  [0m] Listening on LVM2 metadata daemon socket.
         Starting Set the console keyboard layout...
[[0;32m  OK  [0m] Created slice User and Session Slice.
[[0;32m  OK  [0m] Reached target Slices.[   12.641075] Loading iSCSI transport class v2.0-870.

[[0;32m  OK  [0m] Listening on Network Service Netlink Socket.
[[0;32m  OK  [0m] Reached target User and Group Name Lookups.
[[0;32m  OK  [0m] Started Forward Password Requests to Wall Directory Watch.
         Mounting Huge Pages File System...
         Starting Create list of required st…ce nodes for the current kernel...
[[0;32m  OK  [0m] Reached target Swap.
         Starting udev Coldplug all Devices...
[[0;32m  OK  [0m] Listening on LVM2 poll daemon socket.
         Starting Monitoring of LVM2 mirrors…ng dmeventd or progress polling...
         Starting Remount Root and Kernel File Systems...
[[0;32m  OK  [0m] Mounted Kernel Debug File System.
[[0;32m  OK  [0m] Mounted POSIX Message Queue File System.
[[0;32m  OK  [0m] Started Uncomplicated firewall.
[[0;32m  OK  [0m] Mounted Huge Pages File System.
[[0;32m  OK  [0m] Started Journal Service.
[[0;32m  OK  [0m] Started Create list of required sta…vice nodes for the current kernel.
         Starting Create Static Device Nodes in /dev...
[[0;32m  OK  [0m] Started udev Coldplug all Devices.
[[0;32m  OK  [0m] Started LVM2 metadata daemon.
[   12.774675] iscsi: registered transport (tcp)
[   12.803323] iscsi: registered transport (iser)
[   12.808948] EXT4-fs (sda1): re-mounted. Opts: (null)
[[0;32m  OK  [0m] Started Load Kernel Modules.
         Mounting Kernel Configuration File System...
         Mounting FUSE Control File System...
         Starting Apply Kernel Variables...
[[0;32m  OK  [0m] Started Remount Root and Kernel File Systems.
[[0;32m  OK  [0m] Mounted Kernel Configuration File System.
[[0;32m  OK  [0m] Mounted FUSE Control File System.
         Starting Load/Save Random Seed...
         Starting Flush Journal to Persistent Storage...
[[0;32m  OK  [0m] Started Load/Save Random Seed.
[[0;32m  OK  [0m] Started Monitoring of LVM2 mirrors,…sing dmeventd or progress polling.
[[0;32m  OK  [0m] Started Apply Kernel Variables.
[[0;32m  OK  [0m] Started Flush Journal to Persistent Storage.
[[0;32m  OK  [0m] Started Create Static Device Nodes in /dev.
         Starting udev Kernel Device Manager...
[[0;32m  OK  [0m] Started Set the console keyboard layout.
[[0;32m  OK  [0m] Started udev Kernel Device Manager.
[[0;32m  OK  [0m] Reached target Local File Systems (Pre).
[[0;32m  OK  [0m] Reached target Local File Systems.
         Starting Create Volatile Files and Directories...
         Starting Set console font and keymap...
         Starting Commit a transient machine-id on disk...
         Starting ebtables ruleset management...
         Starting Tell Plymouth To Write Out Runtime Data...
         Starting AppArmor initialization...
[[0;32m  OK  [0m] Started Dispatch Password Requests to Console Directory Watch.
[[0;32m  OK  [0m] Reached target Local Encrypted Volumes.
[[0;32m  OK  [0m] Started Set console font and keymap.
[[0;32m  OK  [0m] Started Tell Plymouth To Write Out Runtime Data.
[[0;32m  OK  [0m] Started Create Volatile Files and Directories.
         Starting Update UTMP about System Boot/Shutdown...
[[0;32m  OK  [0m] Started Commit a transient machine-id on disk.
[[0;32m  OK  [0m] Started Update UTMP about System Boot/Shutdown.
[[0;32m  OK  [0m] Started ebtables ruleset management.
[[0;32m  OK  [0m] Found device /dev/ttyS0.
[[0;32m  OK  [0m] Listening on Load/Save RF Kill Switch Status /dev/rfkill Watch.
[[0;32m  OK  [0m] Started AppArmor initialization.
         Starting Load AppArmor profiles managed internally by snapd...
         Starting Initial cloud-init job (pre-networking)...
[[0;32m  OK  [0m] Started Load AppArmor profiles managed internally by snapd.
[   15.980388] cloud-init[510]: Cloud-init v. 20.3-2-g371b392c-0ubuntu1~18.04.1 running 'init-local' at Sun, 15 Nov 2020 16:18:54 +0000. Up 15.58 seconds.
[[0;32m  OK  [0m] Started Initial cloud-init job (pre-networking).
[[0;32m  OK  [0m] Reached target Network (Pre).
         Starting Network Service...
[[0;32m  OK  [0m] Started Network Service.
         Starting Wait for Network to be Configured...
         Starting Network Name Resolution...
[[0;32m  OK  [0m] Started Network Name Resolution.
[[0;32m  OK  [0m] Reached target Host and Network Name Lookups.
[[0;32m  OK  [0m] Reached target Network.
[[0;32m  OK  [0m] Started Wait for Network to be Configured.
         Starting Initial cloud-init job (metadata service crawler)...
[   18.242838] cloud-init[633]: Cloud-init v. 20.3-2-g371b392c-0ubuntu1~18.04.1 running 'init' at Sun, 15 Nov 2020 16:18:56 +0000. Up 18.13 seconds.
[   18.247054] cloud-init[633]: ci-info: ++++++++++++++++++++++++++++++++++++++Net device info++++++++++++++++++++++++++++++++++++++
[   18.250936] cloud-init[633]: ci-info: +--------+------+----------------------------+---------------+--------+-------------------+
[   18.254797] cloud-init[633]: ci-info: | Device |  Up  |          Address           |      Mask     | Scope  |     Hw-Address    |
[   18.259044] cloud-init[633]: ci-info: +--------+------+----------------------------+---------------+--------+-------------------+
[   18.262938] cloud-init[633]: ci-info: | enp0s3 | True |         10.0.2.15          | 255.255.255.0 | global | 02:ad:b8:da:8b:56 |
[   18.267188] cloud-init[633]: ci-info: | enp0s3 | True | fe80::ad:b8ff:feda:8b56/64 |       .       |  link  | 02:ad:b8:da:8b:56 |
[   18.271069] cloud-init[633]: ci-info: |   lo   | True |         127.0.0.1          |   255.0.0.0   |  host  |         .         |
[   18.274980] cloud-init[633]: ci-info: |   lo   | True |          ::1/128           |       .       |  host  |         .         |
[   18.278961] cloud-init[633]: ci-info: +--------+------+----------------------------+---------------+--------+-------------------+
[   18.282729] cloud-init[633]: ci-info: ++++++++++++++++++++++++++++Route IPv4 info+++++++++++++++++++++++++++++
[   18.285967] cloud-init[633]: ci-info: +-------+-------------+----------+-----------------+-----------+-------+
[   18.288986] cloud-init[633]: ci-info: | Route | Destination | Gateway  |     Genmask     | Interface | Flags |
[   18.292240] cloud-init[633]: ci-info: +-------+-------------+----------+-----------------+-----------+-------+
[   18.295397] cloud-init[633]: ci-info: |   0   |   0.0.0.0   | 10.0.2.2 |     0.0.0.0     |   enp0s3  |   UG  |
[   18.298441] cloud-init[633]: ci-info: |   1   |   10.0.2.0  | 0.0.0.0  |  255.255.255.0  |   enp0s3  |   U   |
[   18.301773] cloud-init[633]: ci-info: |   2   |   10.0.2.2  | 0.0.0.0  | 255.255.255.255 |   enp0s3  |   UH  |
[   18.304914] cloud-init[633]: ci-info: +-------+-------------+----------+-----------------+-----------+-------+
[   18.307925] cloud-init[633]: ci-info: +++++++++++++++++++Route IPv6 info+++++++++++++++++++
[   18.310403] cloud-init[633]: ci-info: +-------+-------------+---------+-----------+-------+
[   18.313092] cloud-init[633]: ci-info: | Route | Destination | Gateway | Interface | Flags |
[   18.324895] cloud-init[633]: ci-info: +-------+-------------+---------+-----------+-------+
[   18.336658] cloud-init[633]: ci-info: |   1   |  fe80::/64  |    ::   |   enp0s3  |   U   |
[   18.339403] cloud-init[633]: ci-info: |   3   |    local    |    ::   |   enp0s3  |   U   |
[   18.341984] cloud-init[633]: ci-info: |   4   |   ff00::/8  |    ::   |   enp0s3  |   U   |
[   18.344469] cloud-init[633]: ci-info: +-------+-------------+---------+-----------+-------+
[   19.417675] cloud-init[633]: Generating public/private rsa key pair.
[   19.420134] cloud-init[633]: Your identification has been saved in /etc/ssh/ssh_host_rsa_key.
[   19.422991] cloud-init[633]: Your public key has been saved in /etc/ssh/ssh_host_rsa_key.pub.
[   19.425723] cloud-init[633]: The key fingerprint is:
[   19.427327] cloud-init[633]: SHA256:QCPMqpAr9u+lLTsfIBlwqbaE6fc1Bs7htd/l0vVaM6s root@ubuntu-bionic
[   19.430092] cloud-init[633]: The key's randomart image is:
[   19.431863] cloud-init[633]: +---[RSA 2048]----+
[   19.433393] cloud-init[633]: | . +o o          |
[   19.435191] cloud-init[633]: |  o.oo .         |
[   19.436978] cloud-init[633]: |.o.o  .          |
[   19.438495] cloud-init[633]: |=+. oo o         |
[   19.440142] cloud-init[633]: |=o.o+.+ S        |
[   19.441782] cloud-init[633]: |++ ..+.=     . . |
[   19.443241] cloud-init[633]: |o o . ooo . + .oo|
[   19.445209] cloud-init[633]: |   . ++ .. o o .=|
[   19.449258] cloud-init[633]: |    o==o    .Eoo |
[   19.453343] cloud-init[633]: +----[SHA256]-----+
[   19.457619] cloud-init[633]: Generating public/private dsa key pair.
[   19.462127] cloud-init[633]: Your identification has been saved in /etc/ssh/ssh_host_dsa_key.
[   19.467001] cloud-init[633]: Your public key has been saved in /etc/ssh/ssh_host_dsa_key.pub.
[   19.472463] cloud-init[633]: The key fingerprint is:
[   19.476703] cloud-init[633]: SHA256:UrTJlpFlox9domVVPJquqY9UPQuOSf52a9zAdzyukrQ root@ubuntu-bionic
[[0;32m  OK  [0m] Started Initial cloud-init job (metadata service crawler).[   19.484296] cloud-init[633]: The key's randomart image is:
[   19.486258] cloud-init[633]: +---[DSA 1024]----+
[   19.486304] cloud-init[633]: |        oo+ +.oo.|
[   19.486646] cloud-init[633]: |       o.B * o ..|
[   19.486678] cloud-init[633]: |        O o . o .|
[   19.486712] cloud-init[633]: |       o . ..o   |
[   19.487159] cloud-init[633]: |      . S..ooo . |
[   19.487515] cloud-init[633]: |       .o =..+ooo|
[   19.487906] cloud-init[633]: |         =..*.= o|
[   19.488699] cloud-init[633]: |        . oE + o |
[   19.489066] cloud-init[633]: |         o+o+oo  |
[   19.489429] cloud-init[633]: +----[SHA256]-----+
[   19.489820] cloud-init[633]: Generating public/private ecdsa key pair.
[   19.490180] cloud-init[633]: Your identification has been saved in /etc/ssh/ssh_host_ecdsa_key.
[   19.490542] cloud-init[633]: Your public key has been saved in /etc/ssh/ssh_host_ecdsa_key.pub.
[   19.490907] cloud-init[633]: The key fingerprint is:
[   19.491259] cloud-init[633]: SHA256:DzTtXiR1roaeMUs+SwFPmJ2FA2/JxkLN+8jntgIQSQM root@ubuntu-bionic
[   19.491618] cloud-init[633]: The key's randomart image is:
[   19.491985] cloud-init[633]: +---[ECDSA 256]---+
[   19.492752] cloud-init[633]: |    Eoo.o+ .o .  |
[   19.493110] cloud-init[633]: |      oo O== o   |
[   19.493456] cloud-init[633]: |       .B &o. .  |
[   19.493824] cloud-init[633]: |      .. X.+ .   |
[   19.494182] cloud-init[633]: |       .S.Oo+    |
[   19.494534] cloud-init[633]: |        .BoOo    |
[   19.494902] cloud-init[633]: |         .Xo     |
[   19.495255] cloud-init[633]: |         ..oo    |
[   19.495630] cloud-init[633]: |          .o..   |
[   19.495981] cloud-init[633]: +----[SHA256]-----+
[   19.496745] cloud-init[633]: Generating public/private ed25519 key pair.
[   19.497103] cloud-init[633]: Your identification has been saved in /etc/ssh/ssh_host_ed25519_key.
[   19.497461] cloud-init[633]: Your public key has been saved in /etc/ssh/ssh_host_ed25519_key.pub.
[   19.497824] cloud-init[633]: The key fingerprint is:
[   19.498175] cloud-init[633]: SHA256:xejqz7PlPPAEfeBTBp2Q1kPTD7T4YElPshrenmOR6IY root@ubuntu-bionic
[   19.498547] cloud-init[633]: The key's randomart image is:
[   19.498897] cloud-init[633]: +--[ED25519 256]--+
[   19.499256] cloud-init[633]: |          oB=+o  |
[   19.499625] cloud-init[633]: |         o+.BOo. |
[   19.499969] cloud-init[633]: |        .+++*.oo |
[   19.500002] cloud-init[633]: |       ..o+*.+  .|
[   19.500034] cloud-init[633]: |        S.+o+ .  |
[   19.500628] cloud-init[633]: |       ..o.. o   |
[   19.500980] cloud-init[633]: |      . E++ =    |
[   19.501334] cloud-init[633]: |     . ..=o. .   |
[   19.501746] cloud-init[633]: |      ..+oo.     |
[   19.502089] cloud-init[633]: +----[SHA256]-----+

[[0;32m  OK  [0m] Reached target System Initialization.
[[0;32m  OK  [0m] Started Daily Cleanup of Temporary Directories.
         Starting Socket activation for snappy daemon.
[[0;32m  OK  [0m] Started ACPI Events Check.
[[0;32m  OK  [0m] Reached target Paths.
[[0;32m  OK  [0m] Started Message of the Day.
[[0;32m  OK  [0m] Listening on ACPID Listen Socket.
         Starting LXD - unix socket.
[[0;32m  OK  [0m] Listening on UUID daemon activation socket.
[[0;32m  OK  [0m] Listening on Open-iSCSI iscsid Socket.
[[0;32m  OK  [0m] Started Discard unused blocks once a week.
[[0;32m  OK  [0m] Listening on D-Bus System Message Bus Socket.
[[0;32m  OK  [0m] Started Daily apt download activities.
[[0;32m  OK  [0m] Started Daily apt upgrade and clean activities.
[[0;32m  OK  [0m] Reached target Timers.
[[0;32m  OK  [0m] Reached target Network is Online.
         Starting Availability of block devices...
[[0;32m  OK  [0m] Reached target Remote File Systems (Pre).
[[0;32m  OK  [0m] Reached target Remote File Systems.
[[0;32m  OK  [0m] Reached target Cloud-config availability.
[[0;32m  OK  [0m] Listening on Socket activation for snappy daemon.
[[0;32m  OK  [0m] Listening on LXD - unix socket.
[[0;32m  OK  [0m] Reached target Sockets.
[[0;32m  OK  [0m] Reached target Basic System.
         Starting Pollinate to seed the pseudo random number generator...
[[0;32m  OK  [0m] Started FUSE filesystem for LXC.
         Starting LSB: automatic crash report generation...
[[0;32m  OK  [0m] Started D-Bus System Message Bus.
         Starting System Logging Service...
[[0;32m  OK  [0m] Started irqbalance daemon.
         Starting Permit User Sessions...
[[0;32m  OK  [0m] Started Regular background program processing daemon.
[[0;32m  OK  [0m] Started Deferred execution scheduler.
         Starting LSB: Record successful boot for GRUB...
         Starting Dispatcher daemon for systemd-networkd...
         Starting LXD - container startup/shutdown...
         Starting Accounts Service...
         Starting Virtualbox guest utils...
         Starting Login Service...
         Starting Snap Daemon...
[[0;32m  OK  [0m] Started System Logging Service.
[[0;32m  OK  [0m] Started Availability of block devices.
[[0;32m  OK  [0m] Started Permit User Sessions.
         Starting Hold until boot process finishes up...
         Starting Terminate Plymouth Boot Screen...
[[0;32m  OK  [0m] Started Hold until boot process finishes up.
         Starting Set console scheme...
[[0;32m  OK  [0m] Started Serial Getty on ttyS0.
[[0;32m  OK  [0m] Started Terminate Plymouth Boot Screen.
[[0;32m  OK  [0m] Started Login Service.
[[0;32m  OK  [0m] Started Unattended Upgrades Shutdown.
[[0;32m  OK  [0m] Started Set console scheme.
[[0;32m  OK  [0m] Created slice system-getty.slice.
[[0;32m  OK  [0m] Started Getty on tty1.
[[0;32m  OK  [0m] Reached target Login Prompts.
         Starting Authorization Manager...
[[0;32m  OK  [0m] Started LSB: automatic crash report generation.
[[0;32m  OK  [0m] Started LSB: Record successful boot for GRUB.
[[0;32m  OK  [0m] Started Authorization Manager.
[[0;32m  OK  [0m] Started Accounts Service.
[[0;32m  OK  [0m] Started LXD - container startup/shutdown.
[[0;32m  OK  [0m] Started Virtualbox guest utils.
[[0;32m  OK  [0m] Started Dispatcher daemon for systemd-networkd.
[[0;32m  OK  [0m] Started Snap Daemon.
         Starting Wait until snapd is fully seeded...
[[0;32m  OK  [0m] Started Pollinate to seed the pseudo random number generator.
         Starting OpenBSD Secure Shell server...
[[0;32m  OK  [0m] Started OpenBSD Secure Shell server.

Ubuntu 18.04.5 LTS ubuntu-bionic ttyS0

ubuntu-bionic login: [   28.949904] cloud-init[1148]: Cloud-init v. 20.3-2-g371b392c-0ubuntu1~18.04.1 running 'modules:config' at Sun, 15 Nov 2020 16:19:06 +0000. Up 28.31 seconds.
ci-info: no authorized SSH keys fingerprints found for user ubuntu.
<14>Nov 15 16:19:08 ec2: 
<14>Nov 15 16:19:08 ec2: #############################################################
<14>Nov 15 16:19:08 ec2: -----BEGIN SSH HOST KEY FINGERPRINTS-----
<14>Nov 15 16:19:08 ec2: 1024 SHA256:UrTJlpFlox9domVVPJquqY9UPQuOSf52a9zAdzyukrQ root@ubuntu-bionic (DSA)
<14>Nov 15 16:19:08 ec2: 256 SHA256:DzTtXiR1roaeMUs+SwFPmJ2FA2/JxkLN+8jntgIQSQM root@ubuntu-bionic (ECDSA)
<14>Nov 15 16:19:08 ec2: 256 SHA256:xejqz7PlPPAEfeBTBp2Q1kPTD7T4YElPshrenmOR6IY root@ubuntu-bionic (ED25519)
<14>Nov 15 16:19:08 ec2: 2048 SHA256:QCPMqpAr9u+lLTsfIBlwqbaE6fc1Bs7htd/l0vVaM6s root@ubuntu-bionic (RSA)
<14>Nov 15 16:19:08 ec2: -----END SSH HOST KEY FINGERPRINTS-----
<14>Nov 15 16:19:08 ec2: #############################################################
-----BEGIN SSH HOST KEY KEYS-----
ecdsa-sha2-nistp256 AAAAE2VjZHNhLXNoYTItbmlzdHAyNTYAAAAIbmlzdHAyNTYAAABBBIO6K1sCORF9gQ+eG1qE/pgi2sYb7aKx5tu1p3py36NJQl+cIXIuNCebEQHlHadJ5jZ+sbZH71PjPKre/ziKxI0= root@ubuntu-bionic
ssh-ed25519 AAAAC3NzaC1lZDI1NTE5AAAAIAfGKlkVhUaCkeZSyExpLyLRYHu6tpAPJFPepIZW2kNM root@ubuntu-bionic
ssh-rsa AAAAB3NzaC1yc2EAAAADAQABAAABAQCiEzayVhsZtBPikGZ58ReNDfoUxf/9ej7nbeRqnmnaComEjjUM8Q5/GgD/FIUygK7fhoxVhOxAHZbYDgvKpagdDZB0UI9owIvdQ7BLd62l8irPNCDlma2zYavKLNt1hJN82JEkSCg0qEWFZ4fioG2OTBGer9YBbd16ls6zUN6vnAuOuE/+YjMeVFuLnyIHokGxjfQmpA25HwTxvacMRs6GNdo0sbHb+DW23GB5727Flbs/Gu8ONt7LXmGtyU/50ytNpUM8RUrTbEZCA7YUDKsFqAj75Lldt4e0Z/IuuhaK5kqqcmG/jKTLysIft4+9w6LRwMSpfza7ZoYuusP61fFf root@ubuntu-bionic
-----END SSH HOST KEY KEYS-----
[   29.456255] cloud-init[1274]: Cloud-init v. 20.3-2-g371b392c-0ubuntu1~18.04.1 running 'modules:final' at Sun, 15 Nov 2020 16:19:07 +0000. Up 29.30 seconds.
[   29.456352] cloud-init[1274]: ci-info: no authorized SSH keys fingerprints found for user ubuntu.
[   29.456387] cloud-init[1274]: Cloud-init v. 20.3-2-g371b392c-0ubuntu1~18.04.1 finished at Sun, 15 Nov 2020 16:19:08 +0000. Datasource DataSourceNoCloud [seed=/dev/sdb][dsmode=net].  Up 29.42 seconds
